<?xml version="1.0" encoding="UTF-8"?>
<!-- Generated by org.testng.reporters.JUnitXMLReporter -->
<testsuite hostname="LAPTOP-F7RL5C13" ignored="8" name="Command line test" tests="6" failures="0" timestamp="2022-03-11T17:41:51 IST" time="130.965" errors="0">
  <testcase name="create_empty_org_Test" time="7.507" classname="com.vtiger.testcases.TC001_Test"/>
  <testcase name="create_org_Test" time="15.837" classname="com.vtiger.testcases.TC001_Test"/>
  <testcase name="create_empty_org_Test" time="7.382" classname="com.vtiger.testcases.TC002_Test"/>
  <testcase name="create_org_Test" time="15.62" classname="com.vtiger.testcases.TC002_Test"/>
  <testcase name="create_cont" time="23.924" classname="com.vtiger.testcases.TC003_Test"/>
  <testcase name="create_cont_withoutdata" time="4.53" classname="com.vtiger.testcases.TC003_Test"/>
  <testcase name="@BeforeTest beforeTest" time="0.0" classname="vtiger.generics.Baseclass">
    <ignored/>
  </testcase> <!-- @BeforeTest beforeTest -->
  <testcase name="@BeforeTest beforeTest" time="0.0" classname="vtiger.generics.Baseclass">
    <ignored/>
  </testcase> <!-- @BeforeTest beforeTest -->
  <testcase name="@BeforeSuite makeConnections" time="0.0" classname="vtiger.generics.Baseclass">
    <ignored/>
  </testcase> <!-- @BeforeSuite makeConnections -->
  <testcase name="@BeforeSuite makeConnections" time="0.0" classname="vtiger.generics.Baseclass">
    <ignored/>
  </testcase> <!-- @BeforeSuite makeConnections -->
  <testcase name="@AfterSuite aftersuite" time="0.0" classname="vtiger.generics.Baseclass">
    <ignored/>
  </testcase> <!-- @AfterSuite aftersuite -->
  <testcase name="@AfterSuite aftersuite" time="0.0" classname="vtiger.generics.Baseclass">
    <ignored/>
  </testcase> <!-- @AfterSuite aftersuite -->
  <testcase name="@AfterTest aftertest" time="0.0" classname="vtiger.generics.Baseclass">
    <ignored/>
  </testcase> <!-- @AfterTest aftertest -->
  <testcase name="@AfterTest aftertest" time="0.0" classname="vtiger.generics.Baseclass">
    <ignored/>
  </testcase> <!-- @AfterTest aftertest -->
</testsuite> <!-- Command line test -->
