<?xml version="1.0" encoding="UTF-8" ?>
<testsuite tests="6" failures="0" name="TestSuite" time="74.812" errors="0" skipped="0">
  <properties>
[...]
</properties>
  <testcase classname="com.vtiger.testcases.TC001_Test" name="create_empty_org_Test" time="7.516"/>
  <testcase classname="com.vtiger.testcases.TC001_Test" name="create_org_Test" time="15.838"/>
  <testcase classname="com.vtiger.testcases.TC002_Test" name="create_empty_org_Test" time="7.383"/>
  <testcase classname="com.vtiger.testcases.TC002_Test" name="create_org_Test" time="15.619"/>
  <testcase classname="com.vtiger.testcases.TC003_Test" name="create_cont" time="23.922"/>
  <testcase classname="com.vtiger.testcases.TC003_Test" name="create_cont_withoutdata" time="4.534"/>
</testsuite>