<?xml version="1.0" encoding="UTF-8"?>
<testng-results skipped="0" failed="0" ignored="8" total="14" passed="6">
  <reporter-output>
  </reporter-output>
  <suite name="Command line suite" duration-ms="130965" started-at="2022-03-11T17:39:40 IST" finished-at="2022-03-11T17:41:50 IST">
    <groups>
      <group name="regression">
        <method signature="TC001_Test.create_org_Test()[pri:0, instance:com.vtiger.testcases.TC001_Test@6acdbdf5]" name="create_org_Test" class="com.vtiger.testcases.TC001_Test"/>
        <method signature="TC002_Test.create_org_Test()[pri:0, instance:com.vtiger.testcases.TC002_Test@27a8c74e]" name="create_org_Test" class="com.vtiger.testcases.TC002_Test"/>
        <method signature="TC003_Test.create_cont()[pri:0, instance:com.vtiger.testcases.TC003_Test@2d8f65a4]" name="create_cont" class="com.vtiger.testcases.TC003_Test"/>
      </group> <!-- regression -->
      <group name="smoke">
        <method signature="TC001_Test.create_empty_org_Test()[pri:0, instance:com.vtiger.testcases.TC001_Test@6acdbdf5]" name="create_empty_org_Test" class="com.vtiger.testcases.TC001_Test"/>
        <method signature="TC002_Test.create_empty_org_Test()[pri:0, instance:com.vtiger.testcases.TC002_Test@27a8c74e]" name="create_empty_org_Test" class="com.vtiger.testcases.TC002_Test"/>
        <method signature="TC003_Test.create_cont_withoutdata()[pri:0, instance:com.vtiger.testcases.TC003_Test@2d8f65a4]" name="create_cont_withoutdata" class="com.vtiger.testcases.TC003_Test"/>
      </group> <!-- smoke -->
    </groups>
    <test name="Command line test" duration-ms="130965" started-at="2022-03-11T17:39:40 IST" finished-at="2022-03-11T17:41:50 IST">
      <class name="com.vtiger.testcases.TC002_Test">
        <test-method status="PASS" signature="launchbrowser_driver_Initilize()[pri:0, instance:com.vtiger.testcases.TC002_Test@27a8c74e]" name="launchbrowser_driver_Initilize" is-config="true" duration-ms="2104" started-at="2022-03-11T17:40:23 IST" finished-at="2022-03-11T17:40:25 IST">
          <reporter-output>
          </reporter-output>
        </test-method> <!-- launchbrowser_driver_Initilize -->
        <test-method status="PASS" signature="logintoApp()[pri:0, instance:com.vtiger.testcases.TC002_Test@27a8c74e]" name="logintoApp" is-config="true" duration-ms="1915" started-at="2022-03-11T17:40:25 IST" finished-at="2022-03-11T17:40:27 IST">
          <reporter-output>
          </reporter-output>
        </test-method> <!-- logintoApp -->
        <test-method status="PASS" signature="create_empty_org_Test()[pri:0, instance:com.vtiger.testcases.TC002_Test@27a8c74e]" name="create_empty_org_Test" duration-ms="7382" started-at="2022-03-11T17:40:27 IST" finished-at="2022-03-11T17:40:34 IST">
          <reporter-output>
          </reporter-output>
        </test-method> <!-- create_empty_org_Test -->
        <test-method status="PASS" signature="logoutFromApp()[pri:0, instance:com.vtiger.testcases.TC002_Test@27a8c74e]" name="logoutFromApp" is-config="true" duration-ms="1059" started-at="2022-03-11T17:40:34 IST" finished-at="2022-03-11T17:40:35 IST">
          <reporter-output>
          </reporter-output>
        </test-method> <!-- logoutFromApp -->
        <test-method status="PASS" signature="logintoApp()[pri:0, instance:com.vtiger.testcases.TC002_Test@27a8c74e]" name="logintoApp" is-config="true" duration-ms="1849" started-at="2022-03-11T17:40:35 IST" finished-at="2022-03-11T17:40:37 IST">
          <reporter-output>
          </reporter-output>
        </test-method> <!-- logintoApp -->
        <test-method status="PASS" signature="create_org_Test()[pri:0, instance:com.vtiger.testcases.TC002_Test@27a8c74e]" name="create_org_Test" duration-ms="15620" started-at="2022-03-11T17:40:37 IST" finished-at="2022-03-11T17:40:53 IST">
          <reporter-output>
          </reporter-output>
        </test-method> <!-- create_org_Test -->
        <test-method status="PASS" signature="logoutFromApp()[pri:0, instance:com.vtiger.testcases.TC002_Test@27a8c74e]" name="logoutFromApp" is-config="true" duration-ms="1066" started-at="2022-03-11T17:40:53 IST" finished-at="2022-03-11T17:40:54 IST">
          <reporter-output>
          </reporter-output>
        </test-method> <!-- logoutFromApp -->
        <test-method status="PASS" signature="tearDown()[pri:0, instance:com.vtiger.testcases.TC002_Test@27a8c74e]" name="tearDown" is-config="true" duration-ms="10086" started-at="2022-03-11T17:40:54 IST" finished-at="2022-03-11T17:41:04 IST">
          <reporter-output>
          </reporter-output>
        </test-method> <!-- tearDown -->
      </class> <!-- com.vtiger.testcases.TC002_Test -->
      <class name="com.vtiger.testcases.TC001_Test">
        <test-method status="PASS" signature="makeConnections()[pri:0, instance:com.vtiger.testcases.TC001_Test@6acdbdf5]" name="makeConnections" is-config="true" duration-ms="6" started-at="2022-03-11T17:39:40 IST" finished-at="2022-03-11T17:39:40 IST">
          <reporter-output>
          </reporter-output>
        </test-method> <!-- makeConnections -->
        <test-method status="PASS" signature="beforeTest()[pri:0, instance:com.vtiger.testcases.TC001_Test@6acdbdf5]" name="beforeTest" is-config="true" duration-ms="0" started-at="2022-03-11T17:39:40 IST" finished-at="2022-03-11T17:39:40 IST">
          <reporter-output>
          </reporter-output>
        </test-method> <!-- beforeTest -->
        <test-method status="PASS" signature="launchbrowser_driver_Initilize()[pri:0, instance:com.vtiger.testcases.TC001_Test@6acdbdf5]" name="launchbrowser_driver_Initilize" is-config="true" duration-ms="3317" started-at="2022-03-11T17:39:40 IST" finished-at="2022-03-11T17:39:43 IST">
          <reporter-output>
          </reporter-output>
        </test-method> <!-- launchbrowser_driver_Initilize -->
        <test-method status="PASS" signature="logintoApp()[pri:0, instance:com.vtiger.testcases.TC001_Test@6acdbdf5]" name="logintoApp" is-config="true" duration-ms="2067" started-at="2022-03-11T17:39:43 IST" finished-at="2022-03-11T17:39:45 IST">
          <reporter-output>
          </reporter-output>
        </test-method> <!-- logintoApp -->
        <test-method status="PASS" signature="create_empty_org_Test()[pri:0, instance:com.vtiger.testcases.TC001_Test@6acdbdf5]" name="create_empty_org_Test" duration-ms="7507" started-at="2022-03-11T17:39:45 IST" finished-at="2022-03-11T17:39:52 IST">
          <reporter-output>
          </reporter-output>
        </test-method> <!-- create_empty_org_Test -->
        <test-method status="PASS" signature="logoutFromApp()[pri:0, instance:com.vtiger.testcases.TC001_Test@6acdbdf5]" name="logoutFromApp" is-config="true" duration-ms="1241" started-at="2022-03-11T17:39:52 IST" finished-at="2022-03-11T17:39:54 IST">
          <reporter-output>
          </reporter-output>
        </test-method> <!-- logoutFromApp -->
        <test-method status="PASS" signature="logintoApp()[pri:0, instance:com.vtiger.testcases.TC001_Test@6acdbdf5]" name="logintoApp" is-config="true" duration-ms="1937" started-at="2022-03-11T17:39:54 IST" finished-at="2022-03-11T17:39:56 IST">
          <reporter-output>
          </reporter-output>
        </test-method> <!-- logintoApp -->
        <test-method status="PASS" signature="create_org_Test()[pri:0, instance:com.vtiger.testcases.TC001_Test@6acdbdf5]" name="create_org_Test" duration-ms="15837" started-at="2022-03-11T17:39:56 IST" finished-at="2022-03-11T17:40:11 IST">
          <reporter-output>
          </reporter-output>
        </test-method> <!-- create_org_Test -->
        <test-method status="PASS" signature="logoutFromApp()[pri:0, instance:com.vtiger.testcases.TC001_Test@6acdbdf5]" name="logoutFromApp" is-config="true" duration-ms="1084" started-at="2022-03-11T17:40:11 IST" finished-at="2022-03-11T17:40:13 IST">
          <reporter-output>
          </reporter-output>
        </test-method> <!-- logoutFromApp -->
        <test-method status="PASS" signature="tearDown()[pri:0, instance:com.vtiger.testcases.TC001_Test@6acdbdf5]" name="tearDown" is-config="true" duration-ms="10090" started-at="2022-03-11T17:40:13 IST" finished-at="2022-03-11T17:40:23 IST">
          <reporter-output>
          </reporter-output>
        </test-method> <!-- tearDown -->
        <test-method status="PASS" signature="aftertest()[pri:0, instance:com.vtiger.testcases.TC001_Test@6acdbdf5]" name="aftertest" is-config="true" duration-ms="1" started-at="2022-03-11T17:41:50 IST" finished-at="2022-03-11T17:41:50 IST">
          <reporter-output>
          </reporter-output>
        </test-method> <!-- aftertest -->
        <test-method status="PASS" signature="aftersuite()[pri:0, instance:com.vtiger.testcases.TC001_Test@6acdbdf5]" name="aftersuite" is-config="true" duration-ms="0" started-at="2022-03-11T17:41:51 IST" finished-at="2022-03-11T17:41:51 IST">
          <reporter-output>
          </reporter-output>
        </test-method> <!-- aftersuite -->
      </class> <!-- com.vtiger.testcases.TC001_Test -->
      <class name="com.vtiger.testcases.TC003_Test">
        <test-method status="PASS" signature="launchbrowser_driver_Initilize()[pri:0, instance:com.vtiger.testcases.TC003_Test@2d8f65a4]" name="launchbrowser_driver_Initilize" is-config="true" duration-ms="2052" started-at="2022-03-11T17:41:04 IST" finished-at="2022-03-11T17:41:06 IST">
          <reporter-output>
          </reporter-output>
        </test-method> <!-- launchbrowser_driver_Initilize -->
        <test-method status="PASS" signature="logintoApp()[pri:0, instance:com.vtiger.testcases.TC003_Test@2d8f65a4]" name="logintoApp" is-config="true" duration-ms="2158" started-at="2022-03-11T17:41:06 IST" finished-at="2022-03-11T17:41:08 IST">
          <reporter-output>
          </reporter-output>
        </test-method> <!-- logintoApp -->
        <test-method status="PASS" signature="create_cont()[pri:0, instance:com.vtiger.testcases.TC003_Test@2d8f65a4]" name="create_cont" duration-ms="23924" started-at="2022-03-11T17:41:08 IST" finished-at="2022-03-11T17:41:32 IST">
          <reporter-output>
          </reporter-output>
        </test-method> <!-- create_cont -->
        <test-method status="PASS" signature="logoutFromApp()[pri:0, instance:com.vtiger.testcases.TC003_Test@2d8f65a4]" name="logoutFromApp" is-config="true" duration-ms="1065" started-at="2022-03-11T17:41:32 IST" finished-at="2022-03-11T17:41:33 IST">
          <reporter-output>
          </reporter-output>
        </test-method> <!-- logoutFromApp -->
        <test-method status="PASS" signature="logintoApp()[pri:0, instance:com.vtiger.testcases.TC003_Test@2d8f65a4]" name="logintoApp" is-config="true" duration-ms="1770" started-at="2022-03-11T17:41:33 IST" finished-at="2022-03-11T17:41:35 IST">
          <reporter-output>
          </reporter-output>
        </test-method> <!-- logintoApp -->
        <test-method status="PASS" signature="create_cont_withoutdata()[pri:0, instance:com.vtiger.testcases.TC003_Test@2d8f65a4]" name="create_cont_withoutdata" duration-ms="4530" started-at="2022-03-11T17:41:35 IST" finished-at="2022-03-11T17:41:39 IST">
          <reporter-output>
          </reporter-output>
        </test-method> <!-- create_cont_withoutdata -->
        <test-method status="PASS" signature="logoutFromApp()[pri:0, instance:com.vtiger.testcases.TC003_Test@2d8f65a4]" name="logoutFromApp" is-config="true" duration-ms="1183" started-at="2022-03-11T17:41:39 IST" finished-at="2022-03-11T17:41:40 IST">
          <reporter-output>
          </reporter-output>
        </test-method> <!-- logoutFromApp -->
        <test-method status="PASS" signature="tearDown()[pri:0, instance:com.vtiger.testcases.TC003_Test@2d8f65a4]" name="tearDown" is-config="true" duration-ms="10067" started-at="2022-03-11T17:41:40 IST" finished-at="2022-03-11T17:41:50 IST">
          <reporter-output>
          </reporter-output>
        </test-method> <!-- tearDown -->
      </class> <!-- com.vtiger.testcases.TC003_Test -->
    </test> <!-- Command line test -->
  </suite> <!-- Command line suite -->
</testng-results>
